0 verbose cli /opt/homebrew/Cellar/node/25.5.0/bin/node /opt/homebrew/lib/node_modules/npm/bin/npm-cli.js
1 info using npm@11.10.1
2 info using node@v25.5.0
3 silly config load:file:/opt/homebrew/lib/node_modules/npm/npmrc
4 silly config load:file:/Users/dpr/Desktop/Egna Appar/Projekt/RV/.npmrc
5 silly config load:file:/Users/dpr/.npmrc
6 silly config load:file:/opt/homebrew/etc/npmrc
7 verbose title npm exec playwright-cli eval window.scrollTo(0, 0)
8 verbose argv "exec" "--yes" "--package" "@playwright/cli" "--" "playwright-cli" "eval" "window.scrollTo(0, 0)"
9 verbose logfile logs-max:10 dir:/Users/dpr/Desktop/Egna Appar/Projekt/RV/.npm-cache/_logs/2026-03-10T17_11_07_081Z-
10 verbose logfile /Users/dpr/Desktop/Egna Appar/Projekt/RV/.npm-cache/_logs/2026-03-10T17_11_07_081Z-debug-0.log
11 silly logfile start cleaning logs, removing 1 files
12 silly packumentCache heap:4496293888 maxSize:1124073472 maxEntrySize:562036736
13 silly logfile done cleaning log files
14 http fetch GET 200 https://registry.npmjs.org/@playwright%2fcli 230ms (cache revalidated)
15 silly packumentCache heap:4496293888 maxSize:1124073472 maxEntrySize:562036736
16 verbose cwd /Users/dpr/Desktop/Egna Appar/Projekt/RV
17 verbose os Darwin 25.3.0
18 verbose node v25.5.0
19 verbose npm  v11.10.1
20 verbose exit 0
21 info ok
